<?xml version="1.0" encoding="UTF-8" ?>
<testsuite failures="0" time="4.436" errors="0" skipped="0" tests="1" name="curso.java.app.miniclase.dao.jpa.AlumnoJPADAOTest">
  <properties>
    <property name="java.runtime.name" value="OpenJDK Runtime Environment"/>
    <property name="sun.boot.library.path" value="/usr/lib/jvm/java-6-openjdk/jre/lib/i386"/>
    <property name="java.vm.version" value="19.0-b09"/>
    <property name="java.vm.vendor" value="Sun Microsystems Inc."/>
    <property name="java.vendor.url" value="http://java.sun.com/"/>
    <property name="path.separator" value=":"/>
    <property name="java.vm.name" value="OpenJDK Client VM"/>
    <property name="file.encoding.pkg" value="sun.io"/>
    <property name="user.country" value="ES"/>
    <property name="sun.java.launcher" value="SUN_STANDARD"/>
    <property name="sun.os.patch.level" value="unknown"/>
    <property name="java.vm.specification.name" value="Java Virtual Machine Specification"/>
    <property name="user.dir" value="/home/alumno/workspace/app-miniclase-dao-jpa"/>
    <property name="java.runtime.version" value="1.6.0_20-b20"/>
    <property name="java.awt.graphicsenv" value="sun.awt.X11GraphicsEnvironment"/>
    <property name="basedir" value="/home/alumno/workspace/app-miniclase-dao-jpa"/>
    <property name="java.endorsed.dirs" value="/usr/lib/jvm/java-6-openjdk/jre/lib/endorsed"/>
    <property name="os.arch" value="i386"/>
    <property name="surefire.real.class.path" value="/tmp/surefirebooter7882130576444221566.jar"/>
    <property name="java.io.tmpdir" value="/tmp"/>
    <property name="line.separator" value="
"/>
    <property name="java.vm.specification.vendor" value="Sun Microsystems Inc."/>
    <property name="os.name" value="Linux"/>
    <property name="sun.jnu.encoding" value="UTF-8"/>
    <property name="java.library.path" value="/usr/lib/jvm/java-6-openjdk/jre/lib/i386/client:/usr/lib/jvm/java-6-openjdk/jre/lib/i386:/usr/lib/jvm/java-6-openjdk/jre/../lib/i386:/usr/java/packages/lib/i386:/usr/lib/jni:/lib:/usr/lib"/>
    <property name="surefire.test.class.path" value="/home/alumno/workspace/app-miniclase-dao-jpa/target/test-classes:/home/alumno/workspace/app-miniclase-dao-jpa/target/classes:/home/alumno/.m2/repository/junit/junit/3.8.1/junit-3.8.1.jar:/home/alumno/.m2/repository/curso-java/app-miniclase-dao/1.0-SNAPSHOT/app-miniclase-dao-1.0-SNAPSHOT.jar:/home/alumno/.m2/repository/curso-java/app-miniclase-pojosanotados/1.0-SNAPSHOT/app-miniclase-pojosanotados-1.0-SNAPSHOT.jar:/home/alumno/.m2/repository/org/hibernate/hibernate-entitymanager/3.6.5.Final/hibernate-entitymanager-3.6.5.Final.jar:/home/alumno/.m2/repository/org/hibernate/hibernate-core/3.6.5.Final/hibernate-core-3.6.5.Final.jar:/home/alumno/.m2/repository/antlr/antlr/2.7.6/antlr-2.7.6.jar:/home/alumno/.m2/repository/commons-collections/commons-collections/3.1/commons-collections-3.1.jar:/home/alumno/.m2/repository/dom4j/dom4j/1.6.1/dom4j-1.6.1.jar:/home/alumno/.m2/repository/org/hibernate/hibernate-commons-annotations/3.2.0.Final/hibernate-commons-annotations-3.2.0.Final.jar:/home/alumno/.m2/repository/org/slf4j/slf4j-api/1.6.1/slf4j-api-1.6.1.jar:/home/alumno/.m2/repository/org/hibernate/javax/persistence/hibernate-jpa-2.0-api/1.0.0.Final/hibernate-jpa-2.0-api-1.0.0.Final.jar:/home/alumno/.m2/repository/javax/transaction/jta/1.1/jta-1.1.jar:/home/alumno/.m2/repository/cglib/cglib/2.2/cglib-2.2.jar:/home/alumno/.m2/repository/asm/asm/3.1/asm-3.1.jar:/home/alumno/.m2/repository/javassist/javassist/3.12.0.GA/javassist-3.12.0.GA.jar:/home/alumno/.m2/repository/javax/validation/validation-api/1.0.0.GA/validation-api-1.0.0.GA.jar:/home/alumno/.m2/repository/org/hibernate/hibernate-validator/4.1.0.Final/hibernate-validator-4.1.0.Final.jar:/home/alumno/.m2/repository/mysql/mysql-connector-java/5.1.16/mysql-connector-java-5.1.16.jar:/home/alumno/.m2/repository/org/slf4j/slf4j-log4j12/1.6.1/slf4j-log4j12-1.6.1.jar:/home/alumno/.m2/repository/log4j/log4j/1.2.16/log4j-1.2.16.jar:"/>
    <property name="java.specification.name" value="Java Platform API Specification"/>
    <property name="java.class.version" value="50.0"/>
    <property name="sun.management.compiler" value="HotSpot Client Compiler"/>
    <property name="os.version" value="2.6.32-32-generic"/>
    <property name="user.home" value="/home/alumno"/>
    <property name="user.timezone" value="Europe/Madrid"/>
    <property name="java.awt.printerjob" value="sun.print.PSPrinterJob"/>
    <property name="file.encoding" value="UTF-8"/>
    <property name="java.specification.version" value="1.6"/>
    <property name="user.name" value="alumno"/>
    <property name="java.class.path" value="/home/alumno/workspace/app-miniclase-dao-jpa/target/test-classes:/home/alumno/workspace/app-miniclase-dao-jpa/target/classes:/home/alumno/.m2/repository/junit/junit/3.8.1/junit-3.8.1.jar:/home/alumno/.m2/repository/curso-java/app-miniclase-dao/1.0-SNAPSHOT/app-miniclase-dao-1.0-SNAPSHOT.jar:/home/alumno/.m2/repository/curso-java/app-miniclase-pojosanotados/1.0-SNAPSHOT/app-miniclase-pojosanotados-1.0-SNAPSHOT.jar:/home/alumno/.m2/repository/org/hibernate/hibernate-entitymanager/3.6.5.Final/hibernate-entitymanager-3.6.5.Final.jar:/home/alumno/.m2/repository/org/hibernate/hibernate-core/3.6.5.Final/hibernate-core-3.6.5.Final.jar:/home/alumno/.m2/repository/antlr/antlr/2.7.6/antlr-2.7.6.jar:/home/alumno/.m2/repository/commons-collections/commons-collections/3.1/commons-collections-3.1.jar:/home/alumno/.m2/repository/dom4j/dom4j/1.6.1/dom4j-1.6.1.jar:/home/alumno/.m2/repository/org/hibernate/hibernate-commons-annotations/3.2.0.Final/hibernate-commons-annotations-3.2.0.Final.jar:/home/alumno/.m2/repository/org/slf4j/slf4j-api/1.6.1/slf4j-api-1.6.1.jar:/home/alumno/.m2/repository/org/hibernate/javax/persistence/hibernate-jpa-2.0-api/1.0.0.Final/hibernate-jpa-2.0-api-1.0.0.Final.jar:/home/alumno/.m2/repository/javax/transaction/jta/1.1/jta-1.1.jar:/home/alumno/.m2/repository/cglib/cglib/2.2/cglib-2.2.jar:/home/alumno/.m2/repository/asm/asm/3.1/asm-3.1.jar:/home/alumno/.m2/repository/javassist/javassist/3.12.0.GA/javassist-3.12.0.GA.jar:/home/alumno/.m2/repository/javax/validation/validation-api/1.0.0.GA/validation-api-1.0.0.GA.jar:/home/alumno/.m2/repository/org/hibernate/hibernate-validator/4.1.0.Final/hibernate-validator-4.1.0.Final.jar:/home/alumno/.m2/repository/mysql/mysql-connector-java/5.1.16/mysql-connector-java-5.1.16.jar:/home/alumno/.m2/repository/org/slf4j/slf4j-log4j12/1.6.1/slf4j-log4j12-1.6.1.jar:/home/alumno/.m2/repository/log4j/log4j/1.2.16/log4j-1.2.16.jar:"/>
    <property name="java.vm.specification.version" value="1.0"/>
    <property name="sun.arch.data.model" value="32"/>
    <property name="java.home" value="/usr/lib/jvm/java-6-openjdk/jre"/>
    <property name="java.specification.vendor" value="Sun Microsystems Inc."/>
    <property name="user.language" value="es"/>
    <property name="java.vm.info" value="mixed mode, sharing"/>
    <property name="java.version" value="1.6.0_20"/>
    <property name="java.ext.dirs" value="/usr/lib/jvm/java-6-openjdk/jre/lib/ext:/usr/java/packages/lib/ext"/>
    <property name="sun.boot.class.path" value="/usr/lib/jvm/java-6-openjdk/jre/lib/resources.jar:/usr/lib/jvm/java-6-openjdk/jre/lib/rt.jar:/usr/lib/jvm/java-6-openjdk/jre/lib/sunrsasign.jar:/usr/lib/jvm/java-6-openjdk/jre/lib/jsse.jar:/usr/lib/jvm/java-6-openjdk/jre/lib/jce.jar:/usr/lib/jvm/java-6-openjdk/jre/lib/charsets.jar:/usr/lib/jvm/java-6-openjdk/jre/lib/netx.jar:/usr/lib/jvm/java-6-openjdk/jre/lib/plugin.jar:/usr/lib/jvm/java-6-openjdk/jre/lib/rhino.jar:/usr/lib/jvm/java-6-openjdk/jre/lib/modules/jdk.boot.jar:/usr/lib/jvm/java-6-openjdk/jre/classes"/>
    <property name="java.vendor" value="Sun Microsystems Inc."/>
    <property name="localRepository" value="/home/alumno/.m2/repository"/>
    <property name="file.separator" value="/"/>
    <property name="java.vendor.url.bug" value="http://java.sun.com/cgi-bin/bugreport.cgi"/>
    <property name="sun.cpu.endian" value="little"/>
    <property name="sun.io.unicode.encoding" value="UnicodeLittle"/>
    <property name="sun.desktop" value="gnome"/>
    <property name="sun.cpu.isalist" value=""/>
  </properties>
  <testcase time="4.088" classname="curso.java.app.miniclase.dao.jpa.AlumnoJPADAOTest" name="testFindByIdAlumno"/>
</testsuite>